c:\users\betab\pictures\cpp\new\gamblinggame\x64\debug\vc143.pdb
c:\users\betab\pictures\cpp\new\gamblinggame\x64\debug\vc143.idb
c:\users\betab\pictures\cpp\new\gamblinggame\x64\debug\screen.obj
c:\users\betab\pictures\cpp\new\gamblinggame\x64\debug\player.obj
c:\users\betab\pictures\cpp\new\gamblinggame\x64\debug\game.obj
c:\users\betab\pictures\cpp\new\gamblinggame\x64\debug\gamblinggame.obj
c:\users\betab\pictures\cpp\new\gamblinggame\x64\debug\fileoperator.obj
c:\users\betab\pictures\cpp\new\gamblinggame\x64\debug\randomnumber.obj
c:\users\betab\pictures\cpp\new\gamblinggame\x64\debug\roundresult.obj
c:\users\betab\pictures\cpp\new\gamblinggame\x64\debug\gamblinggame.exe
c:\users\betab\pictures\cpp\new\gamblinggame\x64\debug\gamblinggame.ilk
c:\users\betab\pictures\cpp\new\gamblinggame\x64\debug\gamblinggame.pdb
c:\users\betab\pictures\cpp\new\gamblinggame\x64\debug\gamblinggametest.ilk
c:\users\betab\pictures\cpp\new\gamblinggame\x64\debug\gamblinggametest.pdb
c:\users\betab\pictures\cpp\new\gamblinggame\x64\debug\gtest.pdb
c:\users\betab\pictures\cpp\new\gamblinggame\x64\debug\gtest_main.pdb
c:\users\betab\pictures\cpp\new\gamblinggame\x64\debug\gamblinggame.tlog\cl.command.1.tlog
c:\users\betab\pictures\cpp\new\gamblinggame\x64\debug\gamblinggame.tlog\cl.read.1.tlog
c:\users\betab\pictures\cpp\new\gamblinggame\x64\debug\gamblinggame.tlog\cl.write.1.tlog
c:\users\betab\pictures\cpp\new\gamblinggame\x64\debug\gamblinggame.tlog\link.command.1.tlog
c:\users\betab\pictures\cpp\new\gamblinggame\x64\debug\gamblinggame.tlog\link.read.1.tlog
c:\users\betab\pictures\cpp\new\gamblinggame\x64\debug\gamblinggame.tlog\link.write.1.tlog
